#
# There is insufficient memory for the Java Runtime Environment to continue.
# Native memory allocation (mmap) failed to map 65536 bytes. Error detail: Failed to commit metaspace.
# Possible reasons:
#   The system is out of physical RAM or swap space
#   This process is running with CompressedOops enabled, and the Java Heap may be blocking the growth of the native heap
# Possible solutions:
#   Reduce memory load on the system
#   Increase physical memory or swap space
#   Check if swap backing store is full
#   Decrease Java heap size (-Xmx/-Xms)
#   Decrease number of Java threads
#   Decrease Java thread stack sizes (-Xss)
#   Set larger code cache with -XX:ReservedCodeCacheSize=
#   JVM is running with Zero Based Compressed Oops mode in which the Java heap is
#     placed in the first 32GB address space. The Java Heap base address is the
#     maximum limit for the native heap growth. Please use -XX:HeapBaseMinAddress
#     to set the Java Heap base and to place the Java Heap above 32GB virtual address.
# This output file may be truncated or incomplete.
#
#  Out of Memory Error (virtualSpaceNode.cpp:113), pid=19636, tid=2540
#
# JRE version: OpenJDK Runtime Environment JBR-21.0.9+1-1038.76-jcef (21.0.9+1) (build 21.0.9+1-b1038.76)
# Java VM: OpenJDK 64-Bit Server VM JBR-21.0.9+1-1038.76-jcef (21.0.9+1-b1038.76, mixed mode, tiered, compressed oops, compressed class ptrs, g1 gc, windows-amd64)
# No core dump will be written. Minidumps are not enabled by default on client versions of Windows
#

---------------  S U M M A R Y ------------

Command Line: git4idea.http.GitAskPassApp Username for 'https://github.com': 

Host: AMD Ryzen 5 5600G with Radeon Graphics         , 12 cores, 15G,  Windows 11 , 64 bit Build 26100 (10.0.26100.7309)
Time: Sun Dec 28 04:03:26 2025 Central Standard Time elapsed time: 8.033492 seconds (0d 0h 0m 8s)

---------------  T H R E A D  ---------------

Current thread (0x0000029c06a228d0):  JavaThread "main"             [_thread_in_vm, id=2540, stack(0x000000b9ad100000,0x000000b9ad200000) (1024K)]

Stack: [0x000000b9ad100000,0x000000b9ad200000]
Native frames: (J=compiled Java code, j=interpreted, Vv=VM code, C=native code)
V  [jvm.dll+0x6ec259]
V  [jvm.dll+0x8cc383]
V  [jvm.dll+0x8ce99e]
V  [jvm.dll+0x8cf083]
V  [jvm.dll+0x28b006]
V  [jvm.dll+0x8c71ae]
V  [jvm.dll+0x68ca55]
V  [jvm.dll+0x68caba]
V  [jvm.dll+0x68f2d6]
V  [jvm.dll+0x68f1a2]
V  [jvm.dll+0x68d40e]
V  [jvm.dll+0x2752f0]
V  [jvm.dll+0x21f2db]
V  [jvm.dll+0x21472a]
V  [jvm.dll+0x5c9935]
V  [jvm.dll+0x22624c]
V  [jvm.dll+0x84329c]
V  [jvm.dll+0x844332]
V  [jvm.dll+0x8448f4]
V  [jvm.dll+0x844588]
V  [jvm.dll+0x27794b]
V  [jvm.dll+0x3e736e]
C  0x0000029c1440a23f

The last pc belongs to new (printed below).
Java frames: (J=compiled Java code, j=interpreted, Vv=VM code)
j  sun.security.util.DisabledAlgorithmConstraints$Constraints.<init>(Ljava/lang/String;Ljava/util/Set;)V+349 java.base@21.0.9
j  sun.security.util.DisabledAlgorithmConstraints.<init>(Ljava/lang/String;Lsun/security/util/AlgorithmDecomposer;)V+144 java.base@21.0.9
j  sun.security.ssl.SSLAlgorithmConstraints.<clinit>()V+13 java.base@21.0.9
v  ~StubRoutines::call_stub 0x0000029c143f100d
j  sun.security.ssl.ProtocolVersion.<init>(Ljava/lang/String;IILjava/lang/String;Z)V+47 java.base@21.0.9
j  sun.security.ssl.ProtocolVersion.<clinit>()V+13 java.base@21.0.9
v  ~StubRoutines::call_stub 0x0000029c143f100d
j  sun.security.ssl.SSLContextImpl$AbstractTLSContext.<clinit>()V+7 java.base@21.0.9
v  ~StubRoutines::call_stub 0x0000029c143f100d
j  java.lang.Class.forName0(Ljava/lang/String;ZLjava/lang/ClassLoader;Ljava/lang/Class;)Ljava/lang/Class;+0 java.base@21.0.9
j  java.lang.Class.forName(Ljava/lang/String;Ljava/lang/Class;)Ljava/lang/Class;+19 java.base@21.0.9
j  java.lang.Class.forName(Ljava/lang/String;)Ljava/lang/Class;+6 java.base@21.0.9
j  java.security.Provider$Service.getImplClass()Ljava/lang/Class;+64 java.base@21.0.9
j  java.security.Provider$Service.getDefaultConstructor()Ljava/lang/reflect/Constructor;+46 java.base@21.0.9
j  java.security.Provider$Service.newInstanceOf()Ljava/lang/Object;+1 java.base@21.0.9
j  java.security.Provider$Service.newInstanceUtil(Ljava/lang/Class;Ljava/lang/Object;)Ljava/lang/Object;+5 java.base@21.0.9
j  java.security.Provider$Service.newInstance(Ljava/lang/Object;)Ljava/lang/Object;+216 java.base@21.0.9
j  sun.security.jca.GetInstance.getInstance(Ljava/security/Provider$Service;Ljava/lang/Class;)Lsun/security/jca/GetInstance$Instance;+2 java.base@21.0.9
j  sun.security.jca.GetInstance.getInstance(Ljava/lang/String;Ljava/lang/Class;Ljava/lang/String;)Lsun/security/jca/GetInstance$Instance;+56 java.base@21.0.9
j  javax.net.ssl.SSLContext.getInstance(Ljava/lang/String;)Ljavax/net/ssl/SSLContext;+12 java.base@21.0.9
j  externalApp.ExternalAppUtil.sendIdeRequest(Ljava/lang/String;ILjava/lang/String;Ljava/lang/String;)LexternalApp/ExternalAppUtil$Result;+34
j  git4idea.http.GitAskPassApp.entryPoint(LexternalApp/ExternalAppEntry;)I+61
j  git4idea.http.GitAskPassApp.main([Ljava/lang/String;)V+11
v  ~StubRoutines::call_stub 0x0000029c143f100d
new  187 new  [0x0000029c1440a0c0, 0x0000029c1440a2c8]  520 bytes
[MachCode]
  0x0000029c1440a0c0: 4883 ec08 | c5fa 1104 | 24eb 1f48 | 83ec 10c5 | fb11 0424 | eb14 4883 | ec10 4889 | 0424 48c7 
  0x0000029c1440a0e0: 4424 0800 | 0000 00eb | 0150 410f | b755 010f | cac1 ea10 | 488b 4de8 | 488b 4908 | 488b 4908 
  0x0000029c1440a100: 488b 4108 | 807c 1004 | 070f 85d3 | 0000 0066 | 8b54 d148 | 488b 4928 | 488b 4cd1 | 0851 80b9 
  0x0000029c1440a120: 6101 0000 | 040f 85b6 | 0000 008b | 5108 f6c2 | 010f 85aa | 0000 0049 | 8b87 b801 | 0000 488d 
  0x0000029c1440a140: 1c10 493b | 9fc8 0100 | 000f 8792 | 0000 0049 | 899f b801 | 0000 4883 | ea10 0f84 | 0f00 0000 
  0x0000029c1440a160: 33c9 c1ea | 0348 894c | d008 48ff | ca75 f648 | c700 0100 | 0000 5933 | f689 700c | 49ba 0000 
  0x0000029c1440a180: 0000 0800 | 0000 492b | ca89 4808 | 49ba ef10 | ff57 fc7f | 0000 4180 | 3a00 0f84 | 3c00 0000 
  0x0000029c1440a1a0: 5048 8bc8 | 4883 ec20 | 40f6 c40f | 0f84 1900 | 0000 4883 | ec08 48b8 | c036 a857 | fc7f 0000 
  0x0000029c1440a1c0: ffd0 4883 | c408 e90c | 0000 0048 | b8c0 36a8 | 57fc 7f00 | 00ff d048 | 83c4 2058 | e9cb 0000 
  0x0000029c1440a1e0: 0059 488b | 55e8 488b | 5208 488b | 5208 450f | b745 0141 | 0fc8 41c1 | e810 e805 | 0000 00e9 
  0x0000029c1440a200: a800 0000 | 488d 4424 | 084c 896d | c049 8bcf | c5f8 7749 | 89af a803 | 0000 4989 | 8798 0300 
  0x0000029c1440a220: 0048 83ec | 2040 f6c4 | 0f0f 8419 | 0000 0048 | 83ec 0848 | b820 7371 | 57fc 7f00 | 00ff d048 
  0x0000029c1440a240: 83c4 08e9 | 0c00 0000 | 48b8 2073 | 7157 fc7f | 0000 ffd0 | 4883 c420 | 49c7 8798 | 0300 0000 
  0x0000029c1440a260: 0000 0049 | c787 a803 | 0000 0000 | 0000 49c7 | 87a0 0300 | 0000 0000 | 00c5 f877 | 4983 7f08 
  0x0000029c1440a280: 000f 8405 | 0000 00e9 | 746c feff | 498b 87f0 | 0300 0049 | c787 f003 | 0000 0000 | 0000 4c8b 
  0x0000029c1440a2a0: 6dc0 4c8b | 75c8 4e8d | 74f5 00c3 | 410f b65d | 0349 83c5 | 0349 bab0 | dd01 58fc | 7f00 0041 
  0x0000029c1440a2c0: ff24 da0f | 1f44 0000 
[/MachCode]

---------------  P R O C E S S  ---------------

Threads class SMR info:
_java_thread_list=0x0000029c28224170, length=11, elements={
0x0000029c06a228d0, 0x0000029c28073400, 0x0000029c2804c490, 0x0000029c28050500,
0x0000029c2809dc60, 0x0000029c28099ad0, 0x0000029c2809bc10, 0x0000029c28091250,
0x0000029c280abe90, 0x0000029c280ad8b0, 0x0000029c2823ede0
}

Java Threads: ( => current thread )
=>0x0000029c06a228d0 JavaThread "main"                              [_thread_in_vm, id=2540, stack(0x000000b9ad100000,0x000000b9ad200000) (1024K)]
  0x0000029c28073400 JavaThread "Common-Cleaner"             daemon [_thread_blocked, id=12896, stack(0x000000b9ad900000,0x000000b9ada00000) (1024K)]
  0x0000029c2804c490 JavaThread "Reference Handler"          daemon [_thread_blocked, id=3012, stack(0x000000b9ada00000,0x000000b9adb00000) (1024K)]
  0x0000029c28050500 JavaThread "Finalizer"                  daemon [_thread_blocked, id=9524, stack(0x000000b9adb00000,0x000000b9adc00000) (1024K)]
  0x0000029c2809dc60 JavaThread "Signal Dispatcher"          daemon [_thread_blocked, id=9616, stack(0x000000b9adc00000,0x000000b9add00000) (1024K)]
  0x0000029c28099ad0 JavaThread "Attach Listener"            daemon [_thread_blocked, id=26716, stack(0x000000b9add00000,0x000000b9ade00000) (1024K)]
  0x0000029c2809bc10 JavaThread "Service Thread"             daemon [_thread_blocked, id=29924, stack(0x000000b9ade00000,0x000000b9adf00000) (1024K)]
  0x0000029c28091250 JavaThread "Monitor Deflation Thread"   daemon [_thread_blocked, id=17596, stack(0x000000b9adf00000,0x000000b9ae000000) (1024K)]
  0x0000029c280abe90 JavaThread "C2 CompilerThread0"         daemon [_thread_blocked, id=21872, stack(0x000000b9ae000000,0x000000b9ae100000) (1024K)]
  0x0000029c280ad8b0 JavaThread "C1 CompilerThread0"         daemon [_thread_blocked, id=23228, stack(0x000000b9ae100000,0x000000b9ae200000) (1024K)]
  0x0000029c2823ede0 JavaThread "Notification Thread"        daemon [_thread_blocked, id=7724, stack(0x000000b9ae200000,0x000000b9ae300000) (1024K)]
Total: 11

Other Threads:
  0x0000029c23da5a90 VMThread "VM Thread"                           [id=9792, stack(0x000000b9ad800000,0x000000b9ad900000) (1024K)] _threads_hazard_ptr=0x0000029c28224170
  0x0000029c23d5b900 WatcherThread "VM Periodic Task Thread"        [id=26168, stack(0x000000b9ad700000,0x000000b9ad800000) (1024K)]
  0x0000029c08edc770 WorkerThread "GC Thread#0"                     [id=18460, stack(0x000000b9ad200000,0x000000b9ad300000) (1024K)]
  0x0000029c08eedc20 ConcurrentGCThread "G1 Main Marker"            [id=23392, stack(0x000000b9ad300000,0x000000b9ad400000) (1024K)]
  0x0000029c08eeeec0 WorkerThread "G1 Conc#0"                       [id=14908, stack(0x000000b9ad400000,0x000000b9ad500000) (1024K)]
  0x0000029c23c285d0 ConcurrentGCThread "G1 Refine#0"               [id=15612, stack(0x000000b9ad500000,0x000000b9ad600000) (1024K)]
  0x0000029c23c29e00 ConcurrentGCThread "G1 Service"                [id=27760, stack(0x000000b9ad600000,0x000000b9ad700000) (1024K)]
Total: 7

Threads with active compile tasks:
Total: 0

VM state: synchronizing (normal execution)

VM Mutex/Monitor currently owned by a thread:  ([mutex/lock_event])
[0x00007ffc58007b30] Metaspace_lock - owner thread: 0x0000029c06a228d0
[0x00007ffc58009d30] Threads_lock - owner thread: 0x0000029c23da5a90

Heap address: 0x0000000709a00000, size: 3942 MB, Compressed Oops mode: Zero based, Oop shift amount: 3

CDS archive(s) not mapped
Compressed class space mapped at: 0x0000000800000000-0x0000000840000000, reserved size: 1073741824
Narrow klass base: 0x0000000800000000, Narrow klass shift: 0, Narrow klass range: 0x40000000

GC Precious Log:
 CardTable entry size: 512
 Card Set container configuration: InlinePtr #cards 4 size 8 Array Of Cards #cards 16 size 48 Howl #buckets 8 coarsen threshold 3686 Howl Bitmap #cards 512 size 80 coarsen threshold 460 Card regions per heap region 1 cards per card region 4096
 CPUs: 12 total, 12 available
 Memory: 15760M
 Large Page Support: Disabled
 NUMA Support: Disabled
 Compressed Oops: Enabled (Zero based)
 Heap Region Size: 2M
 Heap Min Capacity: 8M
 Heap Initial Capacity: 248M
 Heap Max Capacity: 3942M
 Pre-touch: Disabled
 Parallel Workers: 10
 Concurrent Workers: 3
 Concurrent Refinement Workers: 10
 Periodic GC: Disabled

Heap:
 garbage-first heap   total 253952K, used 2048K [0x0000000709a00000, 0x0000000800000000)
  region size 2048K, 2 young (4096K), 0 survivors (0K)
 Metaspace       used 8705K, committed 8832K, reserved 1114112K
  class space    used 754K, committed 832K, reserved 1048576K

Heap Regions: E=young(eden), S=young(survivor), O=old, HS=humongous(starts), HC=humongous(continues), CS=collection set, F=free, TAMS=top-at-mark-start, PB=parsable bottom
|   0|0x0000000709a00000, 0x0000000709a00000, 0x0000000709c00000|  0%| F|  |TAMS 0x0000000709a00000| PB 0x0000000709a00000| Untracked 
|   1|0x0000000709c00000, 0x0000000709c00000, 0x0000000709e00000|  0%| F|  |TAMS 0x0000000709c00000| PB 0x0000000709c00000| Untracked 
|   2|0x0000000709e00000, 0x0000000709e00000, 0x000000070a000000|  0%| F|  |TAMS 0x0000000709e00000| PB 0x0000000709e00000| Untracked 
|   3|0x000000070a000000, 0x000000070a000000, 0x000000070a200000|  0%| F|  |TAMS 0x000000070a000000| PB 0x000000070a000000| Untracked 
|   4|0x000000070a200000, 0x000000070a200000, 0x000000070a400000|  0%| F|  |TAMS 0x000000070a200000| PB 0x000000070a200000| Untracked 
|   5|0x000000070a400000, 0x000000070a400000, 0x000000070a600000|  0%| F|  |TAMS 0x000000070a400000| PB 0x000000070a400000| Untracked 
|   6|0x000000070a600000, 0x000000070a600000, 0x000000070a800000|  0%| F|  |TAMS 0x000000070a600000| PB 0x000000070a600000| Untracked 
|   7|0x000000070a800000, 0x000000070a800000, 0x000000070aa00000|  0%| F|  |TAMS 0x000000070a800000| PB 0x000000070a800000| Untracked 
|   8|0x000000070aa00000, 0x000000070aa00000, 0x000000070ac00000|  0%| F|  |TAMS 0x000000070aa00000| PB 0x000000070aa00000| Untracked 
|   9|0x000000070ac00000, 0x000000070ac00000, 0x000000070ae00000|  0%| F|  |TAMS 0x000000070ac00000| PB 0x000000070ac00000| Untracked 
|  10|0x000000070ae00000, 0x000000070ae00000, 0x000000070b000000|  0%| F|  |TAMS 0x000000070ae00000| PB 0x000000070ae00000| Untracked 
|  11|0x000000070b000000, 0x000000070b000000, 0x000000070b200000|  0%| F|  |TAMS 0x000000070b000000| PB 0x000000070b000000| Untracked 
|  12|0x000000070b200000, 0x000000070b200000, 0x000000070b400000|  0%| F|  |TAMS 0x000000070b200000| PB 0x000000070b200000| Untracked 
|  13|0x000000070b400000, 0x000000070b400000, 0x000000070b600000|  0%| F|  |TAMS 0x000000070b400000| PB 0x000000070b400000| Untracked 
|  14|0x000000070b600000, 0x000000070b600000, 0x000000070b800000|  0%| F|  |TAMS 0x000000070b600000| PB 0x000000070b600000| Untracked 
|  15|0x000000070b800000, 0x000000070b800000, 0x000000070ba00000|  0%| F|  |TAMS 0x000000070b800000| PB 0x000000070b800000| Untracked 
|  16|0x000000070ba00000, 0x000000070ba00000, 0x000000070bc00000|  0%| F|  |TAMS 0x000000070ba00000| PB 0x000000070ba00000| Untracked 
|  17|0x000000070bc00000, 0x000000070bc00000, 0x000000070be00000|  0%| F|  |TAMS 0x000000070bc00000| PB 0x000000070bc00000| Untracked 
|  18|0x000000070be00000, 0x000000070be00000, 0x000000070c000000|  0%| F|  |TAMS 0x000000070be00000| PB 0x000000070be00000| Untracked 
|  19|0x000000070c000000, 0x000000070c000000, 0x000000070c200000|  0%| F|  |TAMS 0x000000070c000000| PB 0x000000070c000000| Untracked 
|  20|0x000000070c200000, 0x000000070c200000, 0x000000070c400000|  0%| F|  |TAMS 0x000000070c200000| PB 0x000000070c200000| Untracked 
|  21|0x000000070c400000, 0x000000070c400000, 0x000000070c600000|  0%| F|  |TAMS 0x000000070c400000| PB 0x000000070c400000| Untracked 
|  22|0x000000070c600000, 0x000000070c600000, 0x000000070c800000|  0%| F|  |TAMS 0x000000070c600000| PB 0x000000070c600000| Untracked 
|  23|0x000000070c800000, 0x000000070c800000, 0x000000070ca00000|  0%| F|  |TAMS 0x000000070c800000| PB 0x000000070c800000| Untracked 
|  24|0x000000070ca00000, 0x000000070ca00000, 0x000000070cc00000|  0%| F|  |TAMS 0x000000070ca00000| PB 0x000000070ca00000| Untracked 
|  25|0x000000070cc00000, 0x000000070cc00000, 0x000000070ce00000|  0%| F|  |TAMS 0x000000070cc00000| PB 0x000000070cc00000| Untracked 
|  26|0x000000070ce00000, 0x000000070ce00000, 0x000000070d000000|  0%| F|  |TAMS 0x000000070ce00000| PB 0x000000070ce00000| Untracked 
|  27|0x000000070d000000, 0x000000070d000000, 0x000000070d200000|  0%| F|  |TAMS 0x000000070d000000| PB 0x000000070d000000| Untracked 
|  28|0x000000070d200000, 0x000000070d200000, 0x000000070d400000|  0%| F|  |TAMS 0x000000070d200000| PB 0x000000070d200000| Untracked 
|  29|0x000000070d400000, 0x000000070d400000, 0x000000070d600000|  0%| F|  |TAMS 0x000000070d400000| PB 0x000000070d400000| Untracked 
|  30|0x000000070d600000, 0x000000070d600000, 0x000000070d800000|  0%| F|  |TAMS 0x000000070d600000| PB 0x000000070d600000| Untracked 
|  31|0x000000070d800000, 0x000000070d800000, 0x000000070da00000|  0%| F|  |TAMS 0x000000070d800000| PB 0x000000070d800000| Untracked 
|  32|0x000000070da00000, 0x000000070da00000, 0x000000070dc00000|  0%| F|  |TAMS 0x000000070da00000| PB 0x000000070da00000| Untracked 
|  33|0x000000070dc00000, 0x000000070dc00000, 0x000000070de00000|  0%| F|  |TAMS 0x000000070dc00000| PB 0x000000070dc00000| Untracked 
|  34|0x000000070de00000, 0x000000070de00000, 0x000000070e000000|  0%| F|  |TAMS 0x000000070de00000| PB 0x000000070de00000| Untracked 
|  35|0x000000070e000000, 0x000000070e000000, 0x000000070e200000|  0%| F|  |TAMS 0x000000070e000000| PB 0x000000070e000000| Untracked 
|  36|0x000000070e200000, 0x000000070e200000, 0x000000070e400000|  0%| F|  |TAMS 0x000000070e200000| PB 0x000000070e200000| Untracked 
|  37|0x000000070e400000, 0x000000070e400000, 0x000000070e600000|  0%| F|  |TAMS 0x000000070e400000| PB 0x000000070e400000| Untracked 
|  38|0x000000070e600000, 0x000000070e600000, 0x000000070e800000|  0%| F|  |TAMS 0x000000070e600000| PB 0x000000070e600000| Untracked 
|  39|0x000000070e800000, 0x000000070e800000, 0x000000070ea00000|  0%| F|  |TAMS 0x000000070e800000| PB 0x000000070e800000| Untracked 
|  40|0x000000070ea00000, 0x000000070ea00000, 0x000000070ec00000|  0%| F|  |TAMS 0x000000070ea00000| PB 0x000000070ea00000| Untracked 
|  41|0x000000070ec00000, 0x000000070ec00000, 0x000000070ee00000|  0%| F|  |TAMS 0x000000070ec00000| PB 0x000000070ec00000| Untracked 
|  42|0x000000070ee00000, 0x000000070ee00000, 0x000000070f000000|  0%| F|  |TAMS 0x000000070ee00000| PB 0x000000070ee00000| Untracked 
|  43|0x000000070f000000, 0x000000070f000000, 0x000000070f200000|  0%| F|  |TAMS 0x000000070f000000| PB 0x000000070f000000| Untracked 
|  44|0x000000070f200000, 0x000000070f200000, 0x000000070f400000|  0%| F|  |TAMS 0x000000070f200000| PB 0x000000070f200000| Untracked 
|  45|0x000000070f400000, 0x000000070f400000, 0x000000070f600000|  0%| F|  |TAMS 0x000000070f400000| PB 0x000000070f400000| Untracked 
|  46|0x000000070f600000, 0x000000070f600000, 0x000000070f800000|  0%| F|  |TAMS 0x000000070f600000| PB 0x000000070f600000| Untracked 
|  47|0x000000070f800000, 0x000000070f800000, 0x000000070fa00000|  0%| F|  |TAMS 0x000000070f800000| PB 0x000000070f800000| Untracked 
|  48|0x000000070fa00000, 0x000000070fa00000, 0x000000070fc00000|  0%| F|  |TAMS 0x000000070fa00000| PB 0x000000070fa00000| Untracked 
|  49|0x000000070fc00000, 0x000000070fc00000, 0x000000070fe00000|  0%| F|  |TAMS 0x000000070fc00000| PB 0x000000070fc00000| Untracked 
|  50|0x000000070fe00000, 0x000000070fe00000, 0x0000000710000000|  0%| F|  |TAMS 0x000000070fe00000| PB 0x000000070fe00000| Untracked 
|  51|0x0000000710000000, 0x0000000710000000, 0x0000000710200000|  0%| F|  |TAMS 0x0000000710000000| PB 0x0000000710000000| Untracked 
|  52|0x0000000710200000, 0x0000000710200000, 0x0000000710400000|  0%| F|  |TAMS 0x0000000710200000| PB 0x0000000710200000| Untracked 
|  53|0x0000000710400000, 0x0000000710400000, 0x0000000710600000|  0%| F|  |TAMS 0x0000000710400000| PB 0x0000000710400000| Untracked 
|  54|0x0000000710600000, 0x0000000710600000, 0x0000000710800000|  0%| F|  |TAMS 0x0000000710600000| PB 0x0000000710600000| Untracked 
|  55|0x0000000710800000, 0x0000000710800000, 0x0000000710a00000|  0%| F|  |TAMS 0x0000000710800000| PB 0x0000000710800000| Untracked 
|  56|0x0000000710a00000, 0x0000000710a00000, 0x0000000710c00000|  0%| F|  |TAMS 0x0000000710a00000| PB 0x0000000710a00000| Untracked 
|  57|0x0000000710c00000, 0x0000000710c00000, 0x0000000710e00000|  0%| F|  |TAMS 0x0000000710c00000| PB 0x0000000710c00000| Untracked 
|  58|0x0000000710e00000, 0x0000000710e00000, 0x0000000711000000|  0%| F|  |TAMS 0x0000000710e00000| PB 0x0000000710e00000| Untracked 
|  59|0x0000000711000000, 0x0000000711000000, 0x0000000711200000|  0%| F|  |TAMS 0x0000000711000000| PB 0x0000000711000000| Untracked 
|  60|0x0000000711200000, 0x0000000711200000, 0x0000000711400000|  0%| F|  |TAMS 0x0000000711200000| PB 0x0000000711200000| Untracked 
|  61|0x0000000711400000, 0x0000000711400000, 0x0000000711600000|  0%| F|  |TAMS 0x0000000711400000| PB 0x0000000711400000| Untracked 
|  62|0x0000000711600000, 0x0000000711600000, 0x0000000711800000|  0%| F|  |TAMS 0x0000000711600000| PB 0x0000000711600000| Untracked 
|  63|0x0000000711800000, 0x0000000711800000, 0x0000000711a00000|  0%| F|  |TAMS 0x0000000711800000| PB 0x0000000711800000| Untracked 
|  64|0x0000000711a00000, 0x0000000711a00000, 0x0000000711c00000|  0%| F|  |TAMS 0x0000000711a00000| PB 0x0000000711a00000| Untracked 
|  65|0x0000000711c00000, 0x0000000711c00000, 0x0000000711e00000|  0%| F|  |TAMS 0x0000000711c00000| PB 0x0000000711c00000| Untracked 
|  66|0x0000000711e00000, 0x0000000711e00000, 0x0000000712000000|  0%| F|  |TAMS 0x0000000711e00000| PB 0x0000000711e00000| Untracked 
|  67|0x0000000712000000, 0x0000000712000000, 0x0000000712200000|  0%| F|  |TAMS 0x0000000712000000| PB 0x0000000712000000| Untracked 
|  68|0x0000000712200000, 0x0000000712200000, 0x0000000712400000|  0%| F|  |TAMS 0x0000000712200000| PB 0x0000000712200000| Untracked 
|  69|0x0000000712400000, 0x0000000712400000, 0x0000000712600000|  0%| F|  |TAMS 0x0000000712400000| PB 0x0000000712400000| Untracked 
|  70|0x0000000712600000, 0x0000000712600000, 0x0000000712800000|  0%| F|  |TAMS 0x0000000712600000| PB 0x0000000712600000| Untracked 
|  71|0x0000000712800000, 0x0000000712800000, 0x0000000712a00000|  0%| F|  |TAMS 0x0000000712800000| PB 0x0000000712800000| Untracked 
|  72|0x0000000712a00000, 0x0000000712a00000, 0x0000000712c00000|  0%| F|  |TAMS 0x0000000712a00000| PB 0x0000000712a00000| Untracked 
|  73|0x0000000712c00000, 0x0000000712c00000, 0x0000000712e00000|  0%| F|  |TAMS 0x0000000712c00000| PB 0x0000000712c00000| Untracked 
|  74|0x0000000712e00000, 0x0000000712e00000, 0x0000000713000000|  0%| F|  |TAMS 0x0000000712e00000| PB 0x0000000712e00000| Untracked 
|  75|0x0000000713000000, 0x0000000713000000, 0x0000000713200000|  0%| F|  |TAMS 0x0000000713000000| PB 0x0000000713000000| Untracked 
|  76|0x0000000713200000, 0x0000000713200000, 0x0000000713400000|  0%| F|  |TAMS 0x0000000713200000| PB 0x0000000713200000| Untracked 
|  77|0x0000000713400000, 0x0000000713400000, 0x0000000713600000|  0%| F|  |TAMS 0x0000000713400000| PB 0x0000000713400000| Untracked 
|  78|0x0000000713600000, 0x0000000713600000, 0x0000000713800000|  0%| F|  |TAMS 0x0000000713600000| PB 0x0000000713600000| Untracked 
|  79|0x0000000713800000, 0x0000000713800000, 0x0000000713a00000|  0%| F|  |TAMS 0x0000000713800000| PB 0x0000000713800000| Untracked 
|  80|0x0000000713a00000, 0x0000000713a00000, 0x0000000713c00000|  0%| F|  |TAMS 0x0000000713a00000| PB 0x0000000713a00000| Untracked 
|  81|0x0000000713c00000, 0x0000000713c00000, 0x0000000713e00000|  0%| F|  |TAMS 0x0000000713c00000| PB 0x0000000713c00000| Untracked 
|  82|0x0000000713e00000, 0x0000000713e00000, 0x0000000714000000|  0%| F|  |TAMS 0x0000000713e00000| PB 0x0000000713e00000| Untracked 
|  83|0x0000000714000000, 0x0000000714000000, 0x0000000714200000|  0%| F|  |TAMS 0x0000000714000000| PB 0x0000000714000000| Untracked 
|  84|0x0000000714200000, 0x0000000714200000, 0x0000000714400000|  0%| F|  |TAMS 0x0000000714200000| PB 0x0000000714200000| Untracked 
|  85|0x0000000714400000, 0x0000000714400000, 0x0000000714600000|  0%| F|  |TAMS 0x0000000714400000| PB 0x0000000714400000| Untracked 
|  86|0x0000000714600000, 0x0000000714600000, 0x0000000714800000|  0%| F|  |TAMS 0x0000000714600000| PB 0x0000000714600000| Untracked 
|  87|0x0000000714800000, 0x0000000714800000, 0x0000000714a00000|  0%| F|  |TAMS 0x0000000714800000| PB 0x0000000714800000| Untracked 
|  88|0x0000000714a00000, 0x0000000714a00000, 0x0000000714c00000|  0%| F|  |TAMS 0x0000000714a00000| PB 0x0000000714a00000| Untracked 
|  89|0x0000000714c00000, 0x0000000714c00000, 0x0000000714e00000|  0%| F|  |TAMS 0x0000000714c00000| PB 0x0000000714c00000| Untracked 
|  90|0x0000000714e00000, 0x0000000714e00000, 0x0000000715000000|  0%| F|  |TAMS 0x0000000714e00000| PB 0x0000000714e00000| Untracked 
|  91|0x0000000715000000, 0x0000000715000000, 0x0000000715200000|  0%| F|  |TAMS 0x0000000715000000| PB 0x0000000715000000| Untracked 
|  92|0x0000000715200000, 0x0000000715200000, 0x0000000715400000|  0%| F|  |TAMS 0x0000000715200000| PB 0x0000000715200000| Untracked 
|  93|0x0000000715400000, 0x0000000715400000, 0x0000000715600000|  0%| F|  |TAMS 0x0000000715400000| PB 0x0000000715400000| Untracked 
|  94|0x0000000715600000, 0x0000000715600000, 0x0000000715800000|  0%| F|  |TAMS 0x0000000715600000| PB 0x0000000715600000| Untracked 
|  95|0x0000000715800000, 0x0000000715800000, 0x0000000715a00000|  0%| F|  |TAMS 0x0000000715800000| PB 0x0000000715800000| Untracked 
|  96|0x0000000715a00000, 0x0000000715a00000, 0x0000000715c00000|  0%| F|  |TAMS 0x0000000715a00000| PB 0x0000000715a00000| Untracked 
|  97|0x0000000715c00000, 0x0000000715c00000, 0x0000000715e00000|  0%| F|  |TAMS 0x0000000715c00000| PB 0x0000000715c00000| Untracked 
|  98|0x0000000715e00000, 0x0000000715e00000, 0x0000000716000000|  0%| F|  |TAMS 0x0000000715e00000| PB 0x0000000715e00000| Untracked 
|  99|0x0000000716000000, 0x0000000716000000, 0x0000000716200000|  0%| F|  |TAMS 0x0000000716000000| PB 0x0000000716000000| Untracked 
| 100|0x0000000716200000, 0x0000000716200000, 0x0000000716400000|  0%| F|  |TAMS 0x0000000716200000| PB 0x0000000716200000| Untracked 
| 101|0x0000000716400000, 0x0000000716400000, 0x0000000716600000|  0%| F|  |TAMS 0x0000000716400000| PB 0x0000000716400000| Untracked 
| 102|0x0000000716600000, 0x0000000716600000, 0x0000000716800000|  0%| F|  |TAMS 0x0000000716600000| PB 0x0000000716600000| Untracked 
| 103|0x0000000716800000, 0x0000000716800000, 0x0000000716a00000|  0%| F|  |TAMS 0x0000000716800000| PB 0x0000000716800000| Untracked 
| 104|0x0000000716a00000, 0x0000000716a00000, 0x0000000716c00000|  0%| F|  |TAMS 0x0000000716a00000| PB 0x0000000716a00000| Untracked 
| 105|0x0000000716c00000, 0x0000000716c00000, 0x0000000716e00000|  0%| F|  |TAMS 0x0000000716c00000| PB 0x0000000716c00000| Untracked 
| 106|0x0000000716e00000, 0x0000000716e00000, 0x0000000717000000|  0%| F|  |TAMS 0x0000000716e00000| PB 0x0000000716e00000| Untracked 
| 107|0x0000000717000000, 0x0000000717000000, 0x0000000717200000|  0%| F|  |TAMS 0x0000000717000000| PB 0x0000000717000000| Untracked 
| 108|0x0000000717200000, 0x0000000717200000, 0x0000000717400000|  0%| F|  |TAMS 0x0000000717200000| PB 0x0000000717200000| Untracked 
| 109|0x0000000717400000, 0x0000000717400000, 0x0000000717600000|  0%| F|  |TAMS 0x0000000717400000| PB 0x0000000717400000| Untracked 
| 110|0x0000000717600000, 0x0000000717600000, 0x0000000717800000|  0%| F|  |TAMS 0x0000000717600000| PB 0x0000000717600000| Untracked 
| 111|0x0000000717800000, 0x0000000717800000, 0x0000000717a00000|  0%| F|  |TAMS 0x0000000717800000| PB 0x0000000717800000| Untracked 
| 112|0x0000000717a00000, 0x0000000717a00000, 0x0000000717c00000|  0%| F|  |TAMS 0x0000000717a00000| PB 0x0000000717a00000| Untracked 
| 113|0x0000000717c00000, 0x0000000717c00000, 0x0000000717e00000|  0%| F|  |TAMS 0x0000000717c00000| PB 0x0000000717c00000| Untracked 
| 114|0x0000000717e00000, 0x0000000717e00000, 0x0000000718000000|  0%| F|  |TAMS 0x0000000717e00000| PB 0x0000000717e00000| Untracked 
| 115|0x0000000718000000, 0x0000000718000000, 0x0000000718200000|  0%| F|  |TAMS 0x0000000718000000| PB 0x0000000718000000| Untracked 
| 116|0x0000000718200000, 0x0000000718200000, 0x0000000718400000|  0%| F|  |TAMS 0x0000000718200000| PB 0x0000000718200000| Untracked 
| 117|0x0000000718400000, 0x0000000718400000, 0x0000000718600000|  0%| F|  |TAMS 0x0000000718400000| PB 0x0000000718400000| Untracked 
| 118|0x0000000718600000, 0x0000000718600000, 0x0000000718800000|  0%| F|  |TAMS 0x0000000718600000| PB 0x0000000718600000| Untracked 
| 119|0x0000000718800000, 0x0000000718800000, 0x0000000718a00000|  0%| F|  |TAMS 0x0000000718800000| PB 0x0000000718800000| Untracked 
| 120|0x0000000718a00000, 0x0000000718a00000, 0x0000000718c00000|  0%| F|  |TAMS 0x0000000718a00000| PB 0x0000000718a00000| Untracked 
| 121|0x0000000718c00000, 0x0000000718c00000, 0x0000000718e00000|  0%| F|  |TAMS 0x0000000718c00000| PB 0x0000000718c00000| Untracked 
| 122|0x0000000718e00000, 0x0000000719000000, 0x0000000719000000|100%| E|  |TAMS 0x0000000718e00000| PB 0x0000000718e00000| Complete 
| 123|0x0000000719000000, 0x0000000719200000, 0x0000000719200000|100%| E|CS|TAMS 0x0000000719000000| PB 0x0000000719000000| Complete 

Card table byte_map: [0x0000029c1cbd0000,0x0000029c1d390000] _byte_map_base: 0x0000029c19383000

Marking Bits: (CMBitMap*) 0x0000029c08edce70
 Bits: [0x0000029c1d390000, 0x0000029c21128000)

Polling page: 0x0000029c06c00000

Metaspace:

Usage:
  Non-class:      7.76 MB used.
      Class:    754.57 KB used.
       Both:      8.50 MB used.

Virtual space:
  Non-class space:       64.00 MB reserved,       7.81 MB ( 12%) committed,  1 nodes.
      Class space:        1.00 GB reserved,     832.00 KB ( <1%) committed,  1 nodes.
             Both:        1.06 GB reserved,       8.62 MB ( <1%) committed. 

Chunk freelists:
   Non-Class:  8.09 MB
       Class:  15.23 MB
        Both:  23.32 MB

MaxMetaspaceSize: unlimited
CompressedClassSpaceSize: 1.00 GB
Initial GC threshold: 21.00 MB
Current GC threshold: 21.00 MB
CDS: off
 - commit_granule_bytes: 65536.
 - commit_granule_words: 8192.
 - virtual_space_node_default_size: 8388608.
 - enlarge_chunks_in_place: 1.
 - use_allocation_guard: 0.


Internal statistics:

num_allocs_failed_limit: 0.
num_arena_births: 10.
num_arena_deaths: 0.
num_vsnodes_births: 2.
num_vsnodes_deaths: 0.
num_space_committed: 138.
num_space_uncommitted: 0.
num_chunks_returned_to_freelist: 0.
num_chunks_taken_from_freelist: 34.
num_chunk_merges: 0.
num_chunk_splits: 18.
num_chunks_enlarged: 13.
num_inconsistent_stats: 0.

CodeHeap 'non-profiled nmethods': size=120000Kb used=79Kb max_used=79Kb free=119920Kb
 bounds [0x0000029c14990000, 0x0000029c14c00000, 0x0000029c1bec0000]
CodeHeap 'profiled nmethods': size=120000Kb used=349Kb max_used=349Kb free=119650Kb
 bounds [0x0000029c0cec0000, 0x0000029c0d130000, 0x0000029c143f0000]
CodeHeap 'non-nmethods': size=5760Kb used=1253Kb max_used=1267Kb free=4506Kb
 bounds [0x0000029c143f0000, 0x0000029c14660000, 0x0000029c14990000]
CodeCache: size=245760Kb, used=1681Kb, max_used=1695Kb, free=244076Kb
 total_blobs=679, nmethods=258, adapters=326, full_count=0
Compilation: enabled, stopped_count=0, restarted_count=0

Compilation events (20 events):
Event: 5.999 Thread 0x0000029c280ad8b0 nmethod 251 0x0000029c0cf14290 code [0x0000029c0cf14520, 0x0000029c0cf15018]
Event: 5.999 Thread 0x0000029c280ad8b0  252       3       java.util.HashMap::<init> (11 bytes)
Event: 5.999 Thread 0x0000029c280ad8b0 nmethod 252 0x0000029c0cf15410 code [0x0000029c0cf155c0, 0x0000029c0cf15790]
Event: 5.999 Thread 0x0000029c280ad8b0  250       3       java.lang.String::toLowerCase (29 bytes)
Event: 5.999 Thread 0x0000029c280ad8b0 nmethod 250 0x0000029c0cf15890 code [0x0000029c0cf15a60, 0x0000029c0cf15d20]
Event: 5.999 Thread 0x0000029c280ad8b0  253       3       jdk.internal.org.objectweb.asm.SymbolTable::get (13 bytes)
Event: 5.999 Thread 0x0000029c280ad8b0 nmethod 253 0x0000029c0cf15e10 code [0x0000029c0cf15fc0, 0x0000029c0cf16120]
Event: 5.999 Thread 0x0000029c280ad8b0  254       3       java.lang.Class::getClassLoader (28 bytes)
Event: 5.999 Thread 0x0000029c280abe90 nmethod 236 0x0000029c149a2390 code [0x0000029c149a2520, 0x0000029c149a2868]
Event: 5.999 Thread 0x0000029c280abe90  238       4       java.lang.StringLatin1::lastIndexOf (40 bytes)
Event: 5.999 Thread 0x0000029c280ad8b0 nmethod 254 0x0000029c0cf16210 code [0x0000029c0cf163c0, 0x0000029c0cf16618]
Event: 6.001 Thread 0x0000029c280abe90 nmethod 238 0x0000029c149a2a90 code [0x0000029c149a2c20, 0x0000029c149a2df8]
Event: 6.001 Thread 0x0000029c280abe90  242       4       java.lang.Integer::parseInt (264 bytes)
Event: 6.004 Thread 0x0000029c280abe90 nmethod 242 0x0000029c149a2f10 code [0x0000029c149a30e0, 0x0000029c149a34e8]
Event: 6.006 Thread 0x0000029c280ad8b0  255       3       jdk.internal.util.StrongReferenceKey::hashCode (8 bytes)
Event: 6.006 Thread 0x0000029c280ad8b0 nmethod 255 0x0000029c0cf16710 code [0x0000029c0cf168c0, 0x0000029c0cf16ab0]
Event: 6.006 Thread 0x0000029c280ad8b0  257       3       jdk.internal.org.objectweb.asm.ByteVector::putShort (52 bytes)
Event: 6.007 Thread 0x0000029c280ad8b0 nmethod 257 0x0000029c0cf16b90 code [0x0000029c0cf16d40, 0x0000029c0cf16f50]
Event: 6.007 Thread 0x0000029c280ad8b0  258       3       java.util.Objects::hashCode (13 bytes)
Event: 6.007 Thread 0x0000029c280ad8b0 nmethod 258 0x0000029c0cf17090 code [0x0000029c0cf17240, 0x0000029c0cf17460]

GC Heap History (0 events):
No events

Dll operation events (2 events):
Event: 0.016 Loaded shared library C:\Program Files\JetBrains\IntelliJ IDEA 2025.2.5\jbr\bin\java.dll
Event: 2.687 Loaded shared library C:\Program Files\JetBrains\IntelliJ IDEA 2025.2.5\jbr\bin\zip.dll

Deoptimization events (0 events):
No events

Classes loaded (20 events):
Event: 6.009 Loading class java/util/Arrays$ArrayItr done
Event: 6.009 Loading class java/util/TreeMap$KeySet
Event: 6.010 Loading class java/util/TreeMap$KeySet done
Event: 6.010 Loading class java/util/TreeMap$KeyIterator
Event: 6.010 Loading class java/util/TreeMap$PrivateEntryIterator
Event: 6.010 Loading class java/util/TreeMap$PrivateEntryIterator done
Event: 6.010 Loading class java/util/TreeMap$KeyIterator done
Event: 6.010 Loading class java/util/regex/Matcher
Event: 6.010 Loading class java/util/regex/MatchResult
Event: 6.010 Loading class java/util/regex/MatchResult done
Event: 6.010 Loading class java/util/regex/Matcher done
Event: 6.010 Loading class java/util/regex/IntHashSet
Event: 6.010 Loading class java/util/regex/IntHashSet done
Event: 6.010 Loading class sun/security/util/DisabledAlgorithmConstraints$Constraints
Event: 6.011 Loading class sun/security/util/DisabledAlgorithmConstraints$Constraints done
Event: 6.011 Loading class sun/security/util/DisabledAlgorithmConstraints$DisabledConstraint
Event: 6.011 Loading class sun/security/util/DisabledAlgorithmConstraints$Constraint
Event: 6.011 Loading class sun/security/util/DisabledAlgorithmConstraints$Constraint done
Event: 6.011 Loading class sun/security/util/DisabledAlgorithmConstraints$DisabledConstraint done
Event: 6.011 Loading class java/util/StringTokenizer

Classes unloaded (0 events):
No events

Classes redefined (0 events):
No events

Internal exceptions (0 events):
No events

ZGC Phase Switch (0 events):
No events

VM Operations (9 events):
Event: 4.855 Executing VM operation: HandshakeAllThreads (Deoptimize)
Event: 4.855 Executing VM operation: HandshakeAllThreads (Deoptimize) done
Event: 4.855 Executing VM operation: Cleanup
Event: 4.855 Executing VM operation: Cleanup done
Event: 4.867 Executing VM operation: HandshakeAllThreads (Deoptimize)
Event: 4.867 Executing VM operation: HandshakeAllThreads (Deoptimize) done
Event: 5.872 Executing VM operation: Cleanup
Event: 5.918 Executing VM operation: Cleanup done
Event: 6.926 Executing VM operation: Cleanup

Memory protections (0 events):
No events

Nmethod flushes (0 events):
No events

Events (16 events):
Event: 2.684 Thread 0x0000029c06a228d0 Thread added: 0x0000029c06a228d0
Event: 2.749 Thread 0x0000029c06a228d0 Thread added: 0x0000029c28073400
Event: 2.756 Thread 0x0000029c06a228d0 Thread added: 0x0000029c2804c490
Event: 2.756 Thread 0x0000029c06a228d0 Thread added: 0x0000029c28050500
Event: 2.757 Thread 0x0000029c06a228d0 Thread added: 0x0000029c2809dc60
Event: 2.757 Thread 0x0000029c06a228d0 Thread added: 0x0000029c28099ad0
Event: 3.769 Thread 0x0000029c06a228d0 Thread added: 0x0000029c2809bc10
Event: 3.769 Thread 0x0000029c06a228d0 Thread added: 0x0000029c28091250
Event: 3.769 Thread 0x0000029c06a228d0 Thread added: 0x0000029c280abe90
Event: 3.769 Thread 0x0000029c06a228d0 Thread added: 0x0000029c280ad8b0
Event: 4.815 Thread 0x0000029c06a228d0 Thread added: 0x0000029c2823ede0
Event: 4.834 Loaded shared library C:\Program Files\JetBrains\IntelliJ IDEA 2025.2.5\jbr\bin\net.dll
Event: 4.836 Loaded shared library C:\Program Files\JetBrains\IntelliJ IDEA 2025.2.5\jbr\bin\nio.dll
Event: 4.848 Loaded shared library C:\Program Files\JetBrains\IntelliJ IDEA 2025.2.5\jbr\bin\zip.dll
Event: 5.958 Loaded shared library C:\Program Files\JetBrains\IntelliJ IDEA 2025.2.5\jbr\bin\jimage.dll
Event: 5.980 Loaded shared library C:\Program Files\JetBrains\IntelliJ IDEA 2025.2.5\jbr\bin\sunmscapi.dll


Dynamic libraries:
0x00007ff7b21f0000 - 0x00007ff7b21fa000 	C:\Program Files\JetBrains\IntelliJ IDEA 2025.2.5\jbr\bin\java.exe
0x00007ffd3f4a0000 - 0x00007ffd3f707000 	C:\WINDOWS\SYSTEM32\ntdll.dll
0x00007ffd3f160000 - 0x00007ffd3f229000 	C:\WINDOWS\System32\KERNEL32.DLL
0x00007ffd3cb50000 - 0x00007ffd3cf3f000 	C:\WINDOWS\System32\KERNELBASE.dll
0x00007ffd3c920000 - 0x00007ffd3ca6b000 	C:\WINDOWS\System32\ucrtbase.dll
0x00007ffd0b310000 - 0x00007ffd0b32b000 	C:\Program Files\JetBrains\IntelliJ IDEA 2025.2.5\jbr\bin\VCRUNTIME140.dll
0x00007ffcc7ed0000 - 0x00007ffcc7ee8000 	C:\Program Files\JetBrains\IntelliJ IDEA 2025.2.5\jbr\bin\jli.dll
0x00007ffd3dfd0000 - 0x00007ffd3e195000 	C:\WINDOWS\System32\USER32.dll
0x00007ffd3cb20000 - 0x00007ffd3cb47000 	C:\WINDOWS\System32\win32u.dll
0x00007ffd3daa0000 - 0x00007ffd3dacb000 	C:\WINDOWS\System32\GDI32.dll
0x00007ffd3c7f0000 - 0x00007ffd3c91c000 	C:\WINDOWS\System32\gdi32full.dll
0x00007ffd3c6b0000 - 0x00007ffd3c753000 	C:\WINDOWS\System32\msvcp_win.dll
0x00007ffd21e10000 - 0x00007ffd220a3000 	C:\WINDOWS\WinSxS\amd64_microsoft.windows.common-controls_6595b64144ccf1df_6.0.26100.7309_none_3e05feeae336a044\COMCTL32.dll
0x00007ffd3dec0000 - 0x00007ffd3df69000 	C:\WINDOWS\System32\msvcrt.dll
0x00007ffd3f2e0000 - 0x00007ffd3f311000 	C:\WINDOWS\System32\IMM32.DLL
0x00007ffd0b300000 - 0x00007ffd0b30c000 	C:\Program Files\JetBrains\IntelliJ IDEA 2025.2.5\jbr\bin\vcruntime140_1.dll
0x00007ffc51830000 - 0x00007ffc518bd000 	C:\Program Files\JetBrains\IntelliJ IDEA 2025.2.5\jbr\bin\msvcp140.dll
0x00007ffc57330000 - 0x00007ffc580fd000 	C:\Program Files\JetBrains\IntelliJ IDEA 2025.2.5\jbr\bin\server\jvm.dll
0x00007ffd3e300000 - 0x00007ffd3e3b4000 	C:\WINDOWS\System32\ADVAPI32.dll
0x00007ffd3f230000 - 0x00007ffd3f2d6000 	C:\WINDOWS\System32\sechost.dll
0x00007ffd3f320000 - 0x00007ffd3f438000 	C:\WINDOWS\System32\RPCRT4.dll
0x00007ffd3e1a0000 - 0x00007ffd3e214000 	C:\WINDOWS\System32\WS2_32.dll
0x00007ffd2ecd0000 - 0x00007ffd2ed05000 	C:\WINDOWS\SYSTEM32\WINMM.dll
0x00007ffd35230000 - 0x00007ffd3523b000 	C:\WINDOWS\SYSTEM32\VERSION.dll
0x00007ffd3c450000 - 0x00007ffd3c4ae000 	C:\WINDOWS\SYSTEM32\POWRPROF.dll
0x00007ffd3c430000 - 0x00007ffd3c444000 	C:\WINDOWS\SYSTEM32\UMPDC.dll
0x00007ffd3b3a0000 - 0x00007ffd3b3bb000 	C:\WINDOWS\SYSTEM32\kernel.appcore.dll
0x00007ffd01720000 - 0x00007ffd0172a000 	C:\Program Files\JetBrains\IntelliJ IDEA 2025.2.5\jbr\bin\jimage.dll
0x00007ffd2caf0000 - 0x00007ffd2cd32000 	C:\WINDOWS\SYSTEM32\DBGHELP.DLL
0x00007ffd3e850000 - 0x00007ffd3ebd5000 	C:\WINDOWS\System32\combase.dll
0x00007ffd3e220000 - 0x00007ffd3e2f6000 	C:\WINDOWS\System32\OLEAUT32.dll
0x00007ffd191c0000 - 0x00007ffd191fc000 	C:\WINDOWS\SYSTEM32\dbgcore.DLL
0x00007ffd3ca70000 - 0x00007ffd3cb15000 	C:\WINDOWS\System32\bcryptPrimitives.dll
0x00007ffd01700000 - 0x00007ffd01720000 	C:\Program Files\JetBrains\IntelliJ IDEA 2025.2.5\jbr\bin\java.dll
0x00007ffd012b0000 - 0x00007ffd012c8000 	C:\Program Files\JetBrains\IntelliJ IDEA 2025.2.5\jbr\bin\zip.dll
0x00007ffd3d240000 - 0x00007ffd3d993000 	C:\WINDOWS\System32\SHELL32.dll
0x00007ffd3d0d0000 - 0x00007ffd3d23a000 	C:\WINDOWS\System32\wintypes.dll
0x00007ffd3a230000 - 0x00007ffd3aa8e000 	C:\WINDOWS\SYSTEM32\windows.storage.dll
0x00007ffd3d9a0000 - 0x00007ffd3da95000 	C:\WINDOWS\System32\SHCORE.dll
0x00007ffd3eef0000 - 0x00007ffd3ef56000 	C:\WINDOWS\System32\shlwapi.dll
0x00007ffd3c510000 - 0x00007ffd3c539000 	C:\WINDOWS\SYSTEM32\profapi.dll
0x00007ffd016f0000 - 0x00007ffd01700000 	C:\Program Files\JetBrains\IntelliJ IDEA 2025.2.5\jbr\bin\net.dll
0x00007ffd350e0000 - 0x00007ffd35208000 	C:\WINDOWS\SYSTEM32\WINHTTP.dll
0x00007ffd3b910000 - 0x00007ffd3b97b000 	C:\WINDOWS\system32\mswsock.dll
0x00007ffd01290000 - 0x00007ffd012a6000 	C:\Program Files\JetBrains\IntelliJ IDEA 2025.2.5\jbr\bin\nio.dll
0x00007ffd011d0000 - 0x00007ffd011de000 	C:\Program Files\JetBrains\IntelliJ IDEA 2025.2.5\jbr\bin\sunmscapi.dll
0x00007ffd3cf50000 - 0x00007ffd3d0c7000 	C:\WINDOWS\System32\CRYPT32.dll
0x00007ffd3bdf0000 - 0x00007ffd3be20000 	C:\WINDOWS\SYSTEM32\ncrypt.dll
0x00007ffd3bda0000 - 0x00007ffd3bddf000 	C:\WINDOWS\SYSTEM32\NTASN1.dll

JVMTI agents: none

dbghelp: loaded successfully - version: 4.0.5 - missing functions: none
symbol engine: initialized successfully - sym options: 0x614 - pdb path: .;C:\Program Files\JetBrains\IntelliJ IDEA 2025.2.5\jbr\bin;C:\WINDOWS\SYSTEM32;C:\WINDOWS\WinSxS\amd64_microsoft.windows.common-controls_6595b64144ccf1df_6.0.26100.7309_none_3e05feeae336a044;C:\Program Files\JetBrains\IntelliJ IDEA 2025.2.5\jbr\bin\server

VM Arguments:
java_command: git4idea.http.GitAskPassApp Username for 'https://github.com': 
java_class_path (initial): C:/Program Files/JetBrains/IntelliJ IDEA 2025.2.5/plugins/vcs-git/lib/git4idea-rt.jar;C:/Program Files/JetBrains/IntelliJ IDEA 2025.2.5/lib/externalProcess-rt.jar
Launcher Type: SUN_STANDARD

[Global flags]
     intx CICompilerCount                          = 4                                         {product} {ergonomic}
     uint ConcGCThreads                            = 3                                         {product} {ergonomic}
     uint G1ConcRefinementThreads                  = 10                                        {product} {ergonomic}
   size_t G1HeapRegionSize                         = 2097152                                   {product} {ergonomic}
    uintx GCDrainStackTargetSize                   = 64                                        {product} {ergonomic}
   size_t InitialHeapSize                          = 260046848                                 {product} {ergonomic}
   size_t MarkStackSize                            = 4194304                                   {product} {ergonomic}
   size_t MaxHeapSize                              = 4133486592                                {product} {ergonomic}
   size_t MaxNewSize                               = 2478833664                                {product} {ergonomic}
   size_t MinHeapDeltaBytes                        = 2097152                                   {product} {ergonomic}
   size_t MinHeapSize                              = 8388608                                   {product} {ergonomic}
    uintx NonNMethodCodeHeapSize                   = 5839372                                {pd product} {ergonomic}
    uintx NonProfiledCodeHeapSize                  = 122909434                              {pd product} {ergonomic}
    uintx ProfiledCodeHeapSize                     = 122909434                              {pd product} {ergonomic}
    uintx ReservedCodeCacheSize                    = 251658240                              {pd product} {ergonomic}
     bool SegmentedCodeCache                       = true                                      {product} {ergonomic}
   size_t SoftMaxHeapSize                          = 4133486592                             {manageable} {ergonomic}
     bool UseCompressedOops                        = true                           {product lp64_product} {ergonomic}
     bool UseG1GC                                  = true                                      {product} {ergonomic}
     bool UseLargePagesIndividualAllocation        = false                                  {pd product} {ergonomic}

Logging:
Log output configuration:
 #0: stdout all=warning uptime,level,tags foldmultilines=false
 #1: stderr all=off uptime,level,tags foldmultilines=false

Release file:
JAVA_VERSION="21.0.9" 
MODULES="java.base java.datatransfer java.xml java.prefs java.desktop gluegen.rt java.compiler java.instrument java.logging java.management java.security.sasl java.naming java.rmi java.management.rmi java.net.http java.scripting java.security.jgss java.transaction.xa java.sql java.sql.rowset java.xml.crypto java.se java.smartcardio jogl.all jcef jdk.accessibility jdk.internal.jvmstat jdk.attach jdk.charsets jdk.internal.opt jdk.zipfs jdk.compiler jdk.crypto.ec jdk.crypto.cryptoki jdk.crypto.mscapi jdk.dynalink jdk.hotspot.agent jdk.httpserver jdk.internal.ed jdk.internal.le jdk.internal.vm.ci jdk.javadoc jdk.jcmd jdk.jdwp.agent jdk.jdi jdk.jfr jdk.jsobject jdk.localedata jdk.management jdk.management.agent jdk.management.jfr jdk.naming.dns jdk.naming.rmi jdk.net jdk.sctp jdk.security.auth jdk.security.jgss jdk.unsupported jdk.unsupported.desktop jdk.xml.dom" 
IMPLEMENTOR="JetBrains s.r.o." 
IMPLEMENTOR_VERSION="JBR-21.0.9+1-1038.76-jcef" 
JAVA_RUNTIME_VERSION="21.0.9+1-b1038.76" 
LIBC="default" 
OS_ARCH="x86_64" 
OS_NAME="Windows" 
SOURCE=".:git:28a436e7b3a4+ jcef_git:git:4a605f44671a" 
JCEF_VERSION="122.1.9.1060+g33f6357" 
JCEF_COMMIT_HASH="33f6357c0226f73b0e398b75d8bd22f486e430ab" 

Environment Variables:
JAVA_HOME=C:\Program Files\Zulu\zulu-8
PATH=C:/Program Files/Git/mingw64/libexec/git-core;C:/Program Files/Git/mingw64/libexec/git-core;C:\Program Files\Git\mingw64\bin;C:\Program Files\Git\usr\bin;C:\Users\okuba\bin;C:\Program Files\Eclipse Adoptium\jdk-17.0.17.10-hotspot\bin;C:\Program Files (x86)\Common Files\Oracle\Java\java8path;C:\Program Files (x86)\Common Files\Oracle\Java\javapath;C:\Program Files\Zulu\zulu-8\bin\;C:\Program Files\Eclipse Adoptium\jdk-21.0.7.6-hotspot\bin;C:\WINDOWS\system32;C:\WINDOWS;C:\WINDOWS\System32\Wbem;C:\WINDOWS\System32\WindowsPowerShell\v1.0\;C:\WINDOWS\System32\OpenSSH\;C:\Program Files\NVIDIA Corporation\NVIDIA App\NvDLISR;C:\Program Files (x86)\NVIDIA Corporation\PhysX\Common;C:\Program Files\Git\cmd;C:\Program Files\dotnet\;C:\Program Files\cursor\resources\app\bin;C:\Program Files\WorldPainter;C:\Users\okuba\AppData\Local\Microsoft\WindowsApps;C:\Users\okuba\AppData\Local\Programs\Microsoft VS Code\bin;C:\Users\okuba\AppData\Local\Programs\Windsurf\bin
USERNAME=okuba
DISPLAY=:0.0
LC_ALL=en_US.UTF-8
TERM=xterm-256color
TMPDIR=C:\Users\okuba\AppData\Local\Temp
OS=Windows_NT
PROCESSOR_IDENTIFIER=AMD64 Family 25 Model 80 Stepping 0, AuthenticAMD
TMP=C:\Users\okuba\AppData\Local\Temp
TEMP=C:\Users\okuba\AppData\Local\Temp




Periodic native trim disabled

JNI global refs:
JNI global refs: 8, weak refs: 0

JNI global refs memory usage: 835, weak refs: 201

Process memory usage:
Resident Set Size: 45136K (0% of 16139084K total physical memory with 1084440K free physical memory)

OOME stack traces (most recent first):
Classloader memory used:
Loader bootstrap                                                                       : 8539K
Loader jdk.internal.loader.ClassLoaders$PlatformClassLoader                            : 141K
Loader jdk.internal.loader.ClassLoaders$AppClassLoader                                 : 25696B

---------------  S Y S T E M  ---------------

OS:
 Windows 11 , 64 bit Build 26100 (10.0.26100.7309)
OS uptime: 0 days 12:24 hours

CPU: total 12 (initial active 12) (12 cores per cpu, 2 threads per core) family 25 model 80 stepping 0 microcode 0xa50000d, cx8, cmov, fxsr, ht, mmx, 3dnowpref, sse, sse2, sse3, ssse3, sse4a, sse4.1, sse4.2, popcnt, lzcnt, tsc, tscinvbit, avx, avx2, aes, erms, clmul, bmi1, bmi2, adx, sha, fma, vzeroupper, clflush, clflushopt, rdtscp, rdpid, fsrm, f16c, pku, cet_ss
Processor Information for the first 12 processors :
  Max Mhz: 3901, Current Mhz: 3901, Mhz Limit: 3901

Memory: 4k page, system-wide physical 15760M (1059M free)
TotalPageFile size 55419M (AvailPageFile size 1M)
current process WorkingSet (physical memory assigned to process): 44M, peak: 44M
current process commit charge ("private bytes"): 334M, peak: 335M

vm_info: OpenJDK 64-Bit Server VM (21.0.9+1-b1038.76) for windows-amd64 JRE (21.0.9+1-b1038.76), built on 2025-11-17 by "builduser" with MS VC++ 16.10 / 16.11 (VS2019)

END.
